* installing *source* package ‘adespatial’ ...
** using staged installation
** libs
using C compiler: ‘gcc (Ubuntu 11.4.0-1ubuntu1~22.04) 11.4.0’
ccache gcc -I"/usr/local/lib/R-devel/lib/R/include" -DNDEBUG   -I/usr/local/include  -DSTRICT_R_HEADERS=1  -fpic  -ggdb -pipe -std=gnu99 -Wall -pedantic  -c WRperiodogram.c -o WRperiodogram.o
In file included from /usr/local/lib/R-devel/lib/R/include/R.h:71,
                 from WRperiodogram.h:17,
                 from WRperiodogram.c:18:
/usr/local/lib/R-devel/lib/R/include/R_ext/Complex.h:80:6: warning: ISO C99 doesn’t support unnamed structs/unions [-Wpedantic]
   80 |     };
      |      ^
ccache gcc -I"/usr/local/lib/R-devel/lib/R/include" -DNDEBUG   -I/usr/local/include  -DSTRICT_R_HEADERS=1  -fpic  -ggdb -pipe -std=gnu99 -Wall -pedantic  -c adesub.c -o adesub.o
In file included from /usr/local/lib/R-devel/lib/R/include/R.h:71,
                 from adesub.h:5,
                 from adesub.c:5:
/usr/local/lib/R-devel/lib/R/include/R_ext/Complex.h:80:6: warning: ISO C99 doesn’t support unnamed structs/unions [-Wpedantic]
   80 |     };
      |      ^
ccache gcc -I"/usr/local/lib/R-devel/lib/R/include" -DNDEBUG   -I/usr/local/include  -DSTRICT_R_HEADERS=1  -fpic  -ggdb -pipe -std=gnu99 -Wall -pedantic  -c betadiv.c -o betadiv.o
In file included from /usr/local/lib/R-devel/lib/R/include/R.h:71,
                 from betadiv.c:6:
/usr/local/lib/R-devel/lib/R/include/R_ext/Complex.h:80:6: warning: ISO C99 doesn’t support unnamed structs/unions [-Wpedantic]
   80 |     };
      |      ^
betadiv.c: In function ‘euclidean’:
betadiv.c:36:5: warning: this ‘for’ clause does not guard... [-Wmisleading-indentation]
   36 |     for (i = 0; i < I; i++)
      |     ^~~
In file included from betadiv.c:7:
/usr/local/lib/R-devel/lib/R/include/Rinternals.h:389:25: note: ...this statement, but the latter is misleadingly indented as if it were guarded by the ‘for’
  389 | #define UNPROTECT(n)    Rf_unprotect(n)
      |                         ^~~~~~~~~~~~
betadiv.c:42:9: note: in expansion of macro ‘UNPROTECT’
   42 |         UNPROTECT(3);
      |         ^~~~~~~~~
betadiv.c: In function ‘manhattan’:
betadiv.c:476:5: warning: this ‘for’ clause does not guard... [-Wmisleading-indentation]
  476 |     for (i=0; i<I; i++)
      |     ^~~
In file included from betadiv.c:7:
/usr/local/lib/R-devel/lib/R/include/Rinternals.h:389:25: note: ...this statement, but the latter is misleadingly indented as if it were guarded by the ‘for’
  389 | #define UNPROTECT(n)    Rf_unprotect(n)
      |                         ^~~~~~~~~~~~
betadiv.c:483:9: note: in expansion of macro ‘UNPROTECT’
  483 |         UNPROTECT(3);
      |         ^~~~~~~~~
betadiv.c: In function ‘canberra’:
betadiv.c:506:5: warning: this ‘for’ clause does not guard... [-Wmisleading-indentation]
  506 |     for (i=0; i<I; i++)
      |     ^~~
In file included from betadiv.c:7:
/usr/local/lib/R-devel/lib/R/include/Rinternals.h:389:25: note: ...this statement, but the latter is misleadingly indented as if it were guarded by the ‘for’
  389 | #define UNPROTECT(n)    Rf_unprotect(n)
      |                         ^~~~~~~~~~~~
betadiv.c:530:9: note: in expansion of macro ‘UNPROTECT’
  530 |         UNPROTECT(4);
      |         ^~~~~~~~~
betadiv.c: In function ‘kulczynski’:
betadiv.c:549:5: warning: this ‘for’ clause does not guard... [-Wmisleading-indentation]
  549 |     for (i=0; i<I; i++)
      |     ^~~
In file included from betadiv.c:7:
/usr/local/lib/R-devel/lib/R/include/Rinternals.h:389:25: note: ...this statement, but the latter is misleadingly indented as if it were guarded by the ‘for’
  389 | #define UNPROTECT(n)    Rf_unprotect(n)
      |                         ^~~~~~~~~~~~
betadiv.c:563:9: note: in expansion of macro ‘UNPROTECT’
  563 |         UNPROTECT(3);
      |         ^~~~~~~~~
betadiv.c: In function ‘divergence’:
betadiv.c:586:5: warning: this ‘for’ clause does not guard... [-Wmisleading-indentation]
  586 |     for (i=0; i<I; i++)
      |     ^~~
In file included from betadiv.c:7:
/usr/local/lib/R-devel/lib/R/include/Rinternals.h:389:25: note: ...this statement, but the latter is misleadingly indented as if it were guarded by the ‘for’
  389 | #define UNPROTECT(n)    Rf_unprotect(n)
      |                         ^~~~~~~~~~~~
betadiv.c:608:9: note: in expansion of macro ‘UNPROTECT’
  608 |         UNPROTECT(4);
      |         ^~~~~~~~~
betadiv.c: In function ‘modmean’:
betadiv.c:630:5: warning: this ‘for’ clause does not guard... [-Wmisleading-indentation]
  630 |     for (i=0; i<I; i++)
      |     ^~~
In file included from betadiv.c:7:
/usr/local/lib/R-devel/lib/R/include/Rinternals.h:389:25: note: ...this statement, but the latter is misleadingly indented as if it were guarded by the ‘for’
  389 | #define UNPROTECT(n)    Rf_unprotect(n)
      |                         ^~~~~~~~~~~~
betadiv.c:646:9: note: in expansion of macro ‘UNPROTECT’
  646 |         UNPROTECT(4);
      |         ^~~~~~~~~
betadiv.c: In function ‘whittaker’:
betadiv.c:701:5: warning: this ‘for’ clause does not guard... [-Wmisleading-indentation]
  701 |     for (i=0; i<I; i++)
      |     ^~~
In file included from betadiv.c:7:
/usr/local/lib/R-devel/lib/R/include/Rinternals.h:389:25: note: ...this statement, but the latter is misleadingly indented as if it were guarded by the ‘for’
  389 | #define UNPROTECT(n)    Rf_unprotect(n)
      |                         ^~~~~~~~~~~~
betadiv.c:718:9: note: in expansion of macro ‘UNPROTECT’
  718 |         UNPROTECT(3);
      |         ^~~~~~~~~
betadiv.c: In function ‘wishart’:
betadiv.c:737:5: warning: this ‘for’ clause does not guard... [-Wmisleading-indentation]
  737 |     for (i=0; i<I; i++)
      |     ^~~
In file included from betadiv.c:7:
/usr/local/lib/R-devel/lib/R/include/Rinternals.h:389:25: note: ...this statement, but the latter is misleadingly indented as if it were guarded by the ‘for’
  389 | #define UNPROTECT(n)    Rf_unprotect(n)
      |                         ^~~~~~~~~~~~
betadiv.c:752:9: note: in expansion of macro ‘UNPROTECT’
  752 |         UNPROTECT(3);
      |         ^~~~~~~~~
betadiv.c: In function ‘percentdiff’:
betadiv.c:982:5: warning: this ‘for’ clause does not guard... [-Wmisleading-indentation]
  982 |     for (i = 0; i < I; i++)
      |     ^~~
In file included from betadiv.c:7:
/usr/local/lib/R-devel/lib/R/include/Rinternals.h:389:25: note: ...this statement, but the latter is misleadingly indented as if it were guarded by the ‘for’
  389 | #define UNPROTECT(n)    Rf_unprotect(n)
      |                         ^~~~~~~~~~~~
betadiv.c:1000:9: note: in expansion of macro ‘UNPROTECT’
 1000 |         UNPROTECT(6);
      |         ^~~~~~~~~
betadiv.c: In function ‘binary_D’:
betadiv.c:1020:5: warning: this ‘for’ clause does not guard... [-Wmisleading-indentation]
 1020 |     for (i=0; i<I; i++)
      |     ^~~
In file included from betadiv.c:7:
/usr/local/lib/R-devel/lib/R/include/Rinternals.h:389:25: note: ...this statement, but the latter is misleadingly indented as if it were guarded by the ‘for’
  389 | #define UNPROTECT(n)    Rf_unprotect(n)
      |                         ^~~~~~~~~~~~
betadiv.c:1035:9: note: in expansion of macro ‘UNPROTECT’
 1035 |         UNPROTECT(4);
      |         ^~~~~~~~~
ccache gcc -I"/usr/local/lib/R-devel/lib/R/include" -DNDEBUG   -I/usr/local/include  -DSTRICT_R_HEADERS=1  -fpic  -ggdb -pipe -std=gnu99 -Wall -pedantic  -c buildbinary.c -o buildbinary.o
In file included from /usr/local/lib/R-devel/lib/R/include/R.h:71,
                 from buildbinary.c:18:
/usr/local/lib/R-devel/lib/R/include/R_ext/Complex.h:80:6: warning: ISO C99 doesn’t support unnamed structs/unions [-Wpedantic]
   80 |     };
      |      ^
ccache gcc -I"/usr/local/lib/R-devel/lib/R/include" -DNDEBUG   -I/usr/local/include  -DSTRICT_R_HEADERS=1  -fpic  -ggdb -pipe -std=gnu99 -Wall -pedantic  -c constr.hclust.c -o constr.hclust.o
In file included from /usr/local/lib/R-devel/lib/R/include/R.h:71,
                 from constr.hclust.c:50:
/usr/local/lib/R-devel/lib/R/include/R_ext/Complex.h:80:6: warning: ISO C99 doesn’t support unnamed structs/unions [-Wpedantic]
   80 |     };
      |      ^
ccache gcc -I"/usr/local/lib/R-devel/lib/R/include" -DNDEBUG   -I/usr/local/include  -DSTRICT_R_HEADERS=1  -fpic  -ggdb -pipe -std=gnu99 -Wall -pedantic  -c forward.c -o forward.o
In file included from /usr/local/lib/R-devel/lib/R/include/R.h:71,
                 from forward.c:10:
/usr/local/lib/R-devel/lib/R/include/R_ext/Complex.h:80:6: warning: ISO C99 doesn’t support unnamed structs/unions [-Wpedantic]
   80 |     };
      |      ^
ccache gcc -I"/usr/local/lib/R-devel/lib/R/include" -DNDEBUG   -I/usr/local/include  -DSTRICT_R_HEADERS=1  -fpic  -ggdb -pipe -std=gnu99 -Wall -pedantic  -c init.c -o init.o
In file included from /usr/local/lib/R-devel/lib/R/include/R.h:71,
                 from init.c:1:
/usr/local/lib/R-devel/lib/R/include/R_ext/Complex.h:80:6: warning: ISO C99 doesn’t support unnamed structs/unions [-Wpedantic]
   80 |     };
      |      ^
ccache gcc -I"/usr/local/lib/R-devel/lib/R/include" -DNDEBUG   -I/usr/local/include  -DSTRICT_R_HEADERS=1  -fpic  -ggdb -pipe -std=gnu99 -Wall -pedantic  -c stipermute.c -o stipermute.o
In file included from /usr/local/lib/R-devel/lib/R/include/R.h:71,
                 from stipermute.c:2:
/usr/local/lib/R-devel/lib/R/include/R_ext/Complex.h:80:6: warning: ISO C99 doesn’t support unnamed structs/unions [-Wpedantic]
   80 |     };
      |      ^
ccache gcc -I"/usr/local/lib/R-devel/lib/R/include" -DNDEBUG   -I/usr/local/include  -DSTRICT_R_HEADERS=1  -fpic  -ggdb -pipe -std=gnu99 -Wall -pedantic  -c testsmoran.c -o testsmoran.o
In file included from /usr/local/lib/R-devel/lib/R/include/R.h:71,
                 from adesub.h:5,
                 from testsmoran.c:5:
/usr/local/lib/R-devel/lib/R/include/R_ext/Complex.h:80:6: warning: ISO C99 doesn’t support unnamed structs/unions [-Wpedantic]
   80 |     };
      |      ^
ccache gcc -shared -L/usr/local/lib/R-devel/lib/R/lib -L/usr/local/lib -o adespatial.so WRperiodogram.o adesub.o betadiv.o buildbinary.o constr.hclust.o forward.o init.o stipermute.o testsmoran.o -llapack -lblas -lgfortran -lm -lquadmath -L/usr/local/lib/R-devel/lib/R/lib -lR
installing to /mnt/data/guenardg/git/adespatial_dev/adespatial.Rcheck/00LOCK-adespatial/00new/adespatial/libs
** R
** data
** inst
** byte-compile and prepare package for lazy loading
** help
*** installing help indices
*** copying figures
** building package indices
** installing vignettes
** testing if installed package can be loaded from temporary location
** checking absolute paths in shared objects and dynamic libraries
** testing if installed package can be loaded from final location
** testing if installed package keeps a record of temporary installation path
* DONE (adespatial)
