This is pdfTeX, Version 3.141592653-2.6-1.40.22 (TeX Live 2022/dev/Debian) (preloaded format=pdflatex 2024.3.15)  4 SEP 2024 10:56
entering extended mode
 restricted \write18 enabled.
 %&-line parsing enabled.
**\input ./Rd2.tex \input ./Rd2.tex \input ./Rd2.tex \input ./Rd2.tex
 (./Rd2.tex
(/usr/share/texlive/texmf-dist/tex/latex/base/book.cls
Document Class: book 2021/10/04 v1.4n Standard LaTeX document class
(/usr/share/texlive/texmf-dist/tex/latex/base/bk10.clo
File: bk10.clo 2021/10/04 v1.4n Standard LaTeX file (size option)
)
\c@part=\count185
\c@chapter=\count186
\c@section=\count187
\c@subsection=\count188
\c@subsubsection=\count189
\c@paragraph=\count190
\c@subparagraph=\count191
\c@figure=\count192
\c@table=\count193
\abovecaptionskip=\skip47
\belowcaptionskip=\skip48
\bibindent=\dimen138
)
(/usr/local/lib/R-devel/lib/R/share/texmf/tex/latex/Rd.sty
Package: Rd 

(/usr/share/texlive/texmf-dist/tex/latex/base/ifthen.sty
Package: ifthen 2020/11/24 v1.1c Standard LaTeX ifthen package (DPC)
)
(/usr/share/texlive/texmf-dist/tex/generic/iftex/iftex.sty
Package: iftex 2020/03/06 v1.0d TeX engine tests
)
(/usr/share/texlive/texmf-dist/tex/latex/tools/longtable.sty
Package: longtable 2021-09-01 v4.17 Multi-page Table package (DPC)
\LTleft=\skip49
\LTright=\skip50
\LTpre=\skip51
\LTpost=\skip52
\LTchunksize=\count194
\LTcapwidth=\dimen139
\LT@head=\box50
\LT@firsthead=\box51
\LT@foot=\box52
\LT@lastfoot=\box53
\LT@gbox=\box54
\LT@cols=\count195
\LT@rows=\count196
\c@LT@tables=\count197
\c@LT@chunks=\count198
\LT@p@ftn=\toks16
)
(/usr/share/texlive/texmf-dist/tex/latex/tools/bm.sty
Package: bm 2021/04/25 v1.2e Bold Symbol Support (DPC/FMi)
\symboldoperators=\mathgroup4
\symboldletters=\mathgroup5
\symboldsymbols=\mathgroup6
Package bm Info: No bold for \OMX/cmex/m/n, using \pmb.
LaTeX Font Info:    Redeclaring math alphabet \mathbf on input line 149.
)
(/usr/share/texlive/texmf-dist/tex/latex/base/alltt.sty
Package: alltt 2021/01/29 v2.0g defines alltt environment
)
(/usr/share/texlive/texmf-dist/tex/latex/tools/verbatim.sty
Package: verbatim 2020-07-07 v1.5u LaTeX2e package for verbatim enhancements
\every@verbatim=\toks17
\verbatim@line=\toks18
\verbatim@in@stream=\read2
)
(/usr/share/texlive/texmf-dist/tex/latex/url/url.sty
\Urlmuskip=\muskip16
Package: url 2013/09/16  ver 3.4  Verb mode for urls, etc.
)
(/usr/share/texlive/texmf-dist/tex/latex/base/textcomp.sty
Package: textcomp 2020/02/02 v2.0n Standard LaTeX package
)
(/usr/share/texlive/texmf-dist/tex/latex/amsmath/amsmath.sty
Package: amsmath 2021/10/15 v2.17l AMS math features
\@mathmargin=\skip53

For additional information on amsmath, use the `?' option.
(/usr/share/texlive/texmf-dist/tex/latex/amsmath/amstext.sty
Package: amstext 2021/08/26 v2.01 AMS text

(/usr/share/texlive/texmf-dist/tex/latex/amsmath/amsgen.sty
File: amsgen.sty 1999/11/30 v2.0 generic functions
\@emptytoks=\toks19
\ex@=\dimen140
))
(/usr/share/texlive/texmf-dist/tex/latex/amsmath/amsbsy.sty
Package: amsbsy 1999/11/29 v1.2d Bold Symbols
LaTeX Info: Redefining \boldsymbol on input line 28.
\pmbraise@=\dimen141
)
(/usr/share/texlive/texmf-dist/tex/latex/amsmath/amsopn.sty
Package: amsopn 2021/08/26 v2.02 operator names
)
\inf@bad=\count199
LaTeX Info: Redefining \frac on input line 234.
\uproot@=\count266
\leftroot@=\count267
LaTeX Info: Redefining \overline on input line 399.
\classnum@=\count268
\DOTSCASE@=\count269
LaTeX Info: Redefining \ldots on input line 496.
LaTeX Info: Redefining \dots on input line 499.
LaTeX Info: Redefining \cdots on input line 620.
\Mathstrutbox@=\box55
\strutbox@=\box56
\big@size=\dimen142
LaTeX Font Info:    Redeclaring font encoding OML on input line 743.
LaTeX Font Info:    Redeclaring font encoding OMS on input line 744.
\macc@depth=\count270
\c@MaxMatrixCols=\count271
\dotsspace@=\muskip17
\c@parentequation=\count272
\dspbrk@lvl=\count273
\tag@help=\toks20
\row@=\count274
\column@=\count275
\maxfields@=\count276
\andhelp@=\toks21
\eqnshift@=\dimen143
\alignsep@=\dimen144
\tagshift@=\dimen145
\tagwidth@=\dimen146
\totwidth@=\dimen147
\lineht@=\dimen148
\@envbody=\toks22
\multlinegap=\skip54
\multlinetaggap=\skip55
\mathdisplay@stack=\toks23
LaTeX Info: Redefining \[ on input line 2938.
LaTeX Info: Redefining \] on input line 2939.
)
(/usr/share/texlive/texmf-dist/tex/latex/amsfonts/amsfonts.sty
Package: amsfonts 2013/01/14 v3.01 Basic AMSFonts support
\symAMSa=\mathgroup7
\symAMSb=\mathgroup8
LaTeX Font Info:    Redeclaring math symbol \hbar on input line 98.
LaTeX Font Info:    Overwriting math alphabet `\mathfrak' in version `bold'
(Font)                  U/euf/m/n --> U/euf/b/n on input line 106.
)
(/usr/share/texlive/texmf-dist/tex/latex/amsfonts/amssymb.sty
Package: amssymb 2013/01/14 v3.01 AMS font symbols
)
(/usr/share/texlive/texmf-dist/tex/latex/jknapltx/mathrsfs.sty
Package: mathrsfs 1996/01/01 Math RSFS package v1.0 (jk)
\symrsfs=\mathgroup9
)
\ldescriptionwidth=\skip56

(/usr/share/texlive/texmf-dist/tex/latex/base/fontenc.sty
Package: fontenc 2021/04/29 v2.0v Standard LaTeX package
)
(/usr/share/texlive/texmf-dist/tex/latex/psnfss/times.sty
Package: times 2020/03/25 PSNFSS-v9.3 (SPQR) 
)
(/usr/share/texlive/texmf-dist/tex/latex/inconsolata/zi4.sty
Package: zi4 2019/05/17 v1.12

`inconsolata-zi4' v1.12, 2019/05/17 Text macros for Inconsolata (msharpe)
(/usr/share/texlive/texmf-dist/tex/latex/xkeyval/xkeyval.sty
Package: xkeyval 2020/11/20 v2.8 package option processing (HA)

(/usr/share/texlive/texmf-dist/tex/generic/xkeyval/xkeyval.tex
(/usr/share/texlive/texmf-dist/tex/generic/xkeyval/xkvutils.tex
\XKV@toks=\toks24
\XKV@tempa@toks=\toks25

(/usr/share/texlive/texmf-dist/tex/generic/xkeyval/keyval.tex))
\XKV@depth=\count277
File: xkeyval.tex 2014/12/03 v2.7a key=value parser (HA)
))
\zifour@ocount=\count278
)
(/usr/share/texlive/texmf-dist/tex/latex/graphics/color.sty
Package: color 2021/12/07 v1.3c Standard LaTeX Color (DPC)

(/usr/share/texlive/texmf-dist/tex/latex/graphics-cfg/color.cfg
File: color.cfg 2016/01/02 v1.6 sample color configuration
)
Package color Info: Driver file: pdftex.def on input line 149.

(/usr/share/texlive/texmf-dist/tex/latex/graphics-def/pdftex.def
File: pdftex.def 2020/10/05 v1.2a Graphics/color driver for pdftex
))
(/usr/share/texlive/texmf-dist/tex/latex/hyperref/hyperref.sty
Package: hyperref 2021-06-07 v7.00m Hypertext links for LaTeX

(/usr/share/texlive/texmf-dist/tex/generic/ltxcmds/ltxcmds.sty
Package: ltxcmds 2020-05-10 v1.25 LaTeX kernel commands for general use (HO)
)
(/usr/share/texlive/texmf-dist/tex/generic/pdftexcmds/pdftexcmds.sty
Package: pdftexcmds 2020-06-27 v0.33 Utility functions of pdfTeX for LuaTeX (HO
)

(/usr/share/texlive/texmf-dist/tex/generic/infwarerr/infwarerr.sty
Package: infwarerr 2019/12/03 v1.5 Providing info/warning/error messages (HO)
)
Package pdftexcmds Info: \pdf@primitive is available.
Package pdftexcmds Info: \pdf@ifprimitive is available.
Package pdftexcmds Info: \pdfdraftmode found.
)
(/usr/share/texlive/texmf-dist/tex/generic/kvsetkeys/kvsetkeys.sty
Package: kvsetkeys 2019/12/15 v1.18 Key value parser (HO)
)
(/usr/share/texlive/texmf-dist/tex/generic/kvdefinekeys/kvdefinekeys.sty
Package: kvdefinekeys 2019-12-19 v1.6 Define keys (HO)
)
(/usr/share/texlive/texmf-dist/tex/generic/pdfescape/pdfescape.sty
Package: pdfescape 2019/12/09 v1.15 Implements pdfTeX's escape features (HO)
)
(/usr/share/texlive/texmf-dist/tex/latex/hycolor/hycolor.sty
Package: hycolor 2020-01-27 v1.10 Color options for hyperref/bookmark (HO)
)
(/usr/share/texlive/texmf-dist/tex/latex/letltxmacro/letltxmacro.sty
Package: letltxmacro 2019/12/03 v1.6 Let assignment for LaTeX macros (HO)
)
(/usr/share/texlive/texmf-dist/tex/latex/auxhook/auxhook.sty
Package: auxhook 2019-12-17 v1.6 Hooks for auxiliary files (HO)
)
(/usr/share/texlive/texmf-dist/tex/latex/kvoptions/kvoptions.sty
Package: kvoptions 2020-10-07 v3.14 Key value format for package options (HO)
)
\@linkdim=\dimen149
\Hy@linkcounter=\count279
\Hy@pagecounter=\count280

(/usr/share/texlive/texmf-dist/tex/latex/hyperref/pd1enc.def
File: pd1enc.def 2021-06-07 v7.00m Hyperref: PDFDocEncoding definition (HO)
Now handling font encoding PD1 ...
... no UTF-8 mapping file for font encoding PD1
)
(/usr/share/texlive/texmf-dist/tex/latex/hyperref/hyperref-langpatches.def
File: hyperref-langpatches.def 2021-06-07 v7.00m Hyperref: patches for babel la
nguages
)
(/usr/share/texlive/texmf-dist/tex/generic/intcalc/intcalc.sty
Package: intcalc 2019/12/15 v1.3 Expandable calculations with integers (HO)
)
(/usr/share/texlive/texmf-dist/tex/generic/etexcmds/etexcmds.sty
Package: etexcmds 2019/12/15 v1.7 Avoid name clashes with e-TeX commands (HO)
)
\Hy@SavedSpaceFactor=\count281

(/usr/share/texlive/texmf-dist/tex/latex/hyperref/puenc.def
File: puenc.def 2021-06-07 v7.00m Hyperref: PDF Unicode definition (HO)
Now handling font encoding PU ...
... no UTF-8 mapping file for font encoding PU
)
Package hyperref Info: Hyper figures OFF on input line 4192.
Package hyperref Info: Link nesting OFF on input line 4197.
Package hyperref Info: Hyper index ON on input line 4200.
Package hyperref Info: Plain pages OFF on input line 4207.
Package hyperref Info: Backreferencing OFF on input line 4212.
Package hyperref Info: Implicit mode ON; LaTeX internals redefined.
Package hyperref Info: Bookmarks ON on input line 4445.
\c@Hy@tempcnt=\count282
LaTeX Info: Redefining \url on input line 4804.
\XeTeXLinkMargin=\dimen150

(/usr/share/texlive/texmf-dist/tex/generic/bitset/bitset.sty
Package: bitset 2019/12/09 v1.3 Handle bit-vector datatype (HO)

(/usr/share/texlive/texmf-dist/tex/generic/bigintcalc/bigintcalc.sty
Package: bigintcalc 2019/12/15 v1.5 Expandable calculations on big integers (HO
)
))
\Fld@menulength=\count283
\Field@Width=\dimen151
\Fld@charsize=\dimen152
Package hyperref Info: Hyper figures OFF on input line 6076.
Package hyperref Info: Link nesting OFF on input line 6081.
Package hyperref Info: Hyper index ON on input line 6084.
Package hyperref Info: backreferencing OFF on input line 6091.
Package hyperref Info: Link coloring OFF on input line 6096.
Package hyperref Info: Link coloring with OCG OFF on input line 6101.
Package hyperref Info: PDF/A mode OFF on input line 6106.
LaTeX Info: Redefining \ref on input line 6146.
LaTeX Info: Redefining \pageref on input line 6150.

(/usr/share/texlive/texmf-dist/tex/latex/base/atbegshi-ltx.sty
Package: atbegshi-ltx 2021/01/10 v1.0c Emulation of the original atbegshi
package with kernel methods
)
\Hy@abspage=\count284
\c@Item=\count285
\c@Hfootnote=\count286
)
Package hyperref Info: Driver (autodetected): hpdftex.

(/usr/share/texlive/texmf-dist/tex/latex/hyperref/hpdftex.def
File: hpdftex.def 2021-06-07 v7.00m Hyperref driver for pdfTeX

(/usr/share/texlive/texmf-dist/tex/latex/base/atveryend-ltx.sty
Package: atveryend-ltx 2020/08/19 v1.0a Emulation of the original atveryend pac
kage
with kernel methods
)
\Fld@listcount=\count287
\c@bookmark@seq@number=\count288

(/usr/share/texlive/texmf-dist/tex/latex/rerunfilecheck/rerunfilecheck.sty
Package: rerunfilecheck 2019/12/05 v1.9 Rerun checks for auxiliary files (HO)

(/usr/share/texlive/texmf-dist/tex/generic/uniquecounter/uniquecounter.sty
Package: uniquecounter 2019/12/15 v1.4 Provide unlimited unique counter (HO)
)
Package uniquecounter Info: New unique counter `rerunfilecheck' on input line 2
86.
)
\Hy@SectionHShift=\skip57
)
Package hyperref Info: Option `colorlinks' set `true' on input line 413.
Package hyperref Info: Option `linktocpage' set `true' on input line 413.
Package hyperref Info: Option `plainpages' set `false' on input line 413.
)
(/usr/share/texlive/texmf-dist/tex/latex/base/makeidx.sty
Package: makeidx 2021/10/04 v1.0m Standard LaTeX package
)
\@indexfile=\write3
\openout3 = `Rd2.idx'.


Writing index file Rd2.idx
LaTeX Font Info:    Trying to load font information for T1+ptm on input line 8.

(/usr/share/texlive/texmf-dist/tex/latex/psnfss/t1ptm.fd
File: t1ptm.fd 2001/06/04 font definitions for T1/ptm.
)
(/usr/share/texlive/texmf-dist/tex/latex/l3backend/l3backend-pdftex.def
File: l3backend-pdftex.def 2022-01-12 L3 backend support: PDF output (pdfTeX)
\l__color_backend_stack_int=\count289
\l__pdf_internal_box=\box57
)
(/tmp/RtmpmF6pJR/Rd2pdf74b9d2e9673c0/Rd2.aux)
\openout1 = `Rd2.aux'.

LaTeX Font Info:    Checking defaults for OML/cmm/m/it on input line 8.
LaTeX Font Info:    ... okay on input line 8.
LaTeX Font Info:    Checking defaults for OMS/cmsy/m/n on input line 8.
LaTeX Font Info:    ... okay on input line 8.
LaTeX Font Info:    Checking defaults for OT1/cmr/m/n on input line 8.
LaTeX Font Info:    ... okay on input line 8.
LaTeX Font Info:    Checking defaults for T1/cmr/m/n on input line 8.
LaTeX Font Info:    ... okay on input line 8.
LaTeX Font Info:    Checking defaults for TS1/cmr/m/n on input line 8.
LaTeX Font Info:    ... okay on input line 8.
LaTeX Font Info:    Checking defaults for OMX/cmex/m/n on input line 8.
LaTeX Font Info:    ... okay on input line 8.
LaTeX Font Info:    Checking defaults for U/cmr/m/n on input line 8.
LaTeX Font Info:    ... okay on input line 8.
LaTeX Font Info:    Checking defaults for PD1/pdf/m/n on input line 8.
LaTeX Font Info:    ... okay on input line 8.
LaTeX Font Info:    Checking defaults for PU/pdf/m/n on input line 8.
LaTeX Font Info:    ... okay on input line 8.

(/usr/share/texlive/texmf-dist/tex/context/base/mkii/supp-pdf.mkii
[Loading MPS to PDF converter (version 2006.09.02).]
\scratchcounter=\count290
\scratchdimen=\dimen153
\scratchbox=\box58
\nofMPsegments=\count291
\nofMParguments=\count292
\everyMPshowfont=\toks26
\MPscratchCnt=\count293
\MPscratchDim=\dimen154
\MPnumerator=\count294
\makeMPintoPDFobject=\count295
\everyMPtoPDFconversion=\toks27
)
Package hyperref Info: Link coloring ON on input line 8.
 (/usr/share/texlive/texmf-dist/tex/latex/hyperref/nameref.sty
Package: nameref 2021-04-02 v2.47 Cross-referencing by name of section

(/usr/share/texlive/texmf-dist/tex/latex/refcount/refcount.sty
Package: refcount 2019/12/15 v3.6 Data extraction from label references (HO)
)
(/usr/share/texlive/texmf-dist/tex/generic/gettitlestring/gettitlestring.sty
Package: gettitlestring 2019/12/15 v1.6 Cleanup title references (HO)
)
\c@section@level=\count296
)
LaTeX Info: Redefining \ref on input line 8.
LaTeX Info: Redefining \pageref on input line 8.
LaTeX Info: Redefining \nameref on input line 8.

(/tmp/RtmpmF6pJR/Rd2pdf74b9d2e9673c0/Rd2.out)
(/tmp/RtmpmF6pJR/Rd2pdf74b9d2e9673c0/Rd2.out)
\@outlinefile=\write4
\openout4 = `Rd2.out'.

LaTeX Font Info:    Trying to load font information for TS1+ptm on input line 2
4.

(/usr/share/texlive/texmf-dist/tex/latex/psnfss/ts1ptm.fd
File: ts1ptm.fd 2001/06/04 font definitions for TS1/ptm.
)
LaTeX Font Info:    Trying to load font information for T1+zi4 on input line 29
.

(/usr/share/texlive/texmf-dist/tex/latex/inconsolata/t1zi4.fd
File: t1zi4.fd 2018/01/14 T1/zi4 (Inconsolata)
)
LaTeX Font Info:    Font shape `T1/zi4/m/n' will be
(Font)              scaled to size 10.0pt on input line 29.
LaTeX Font Info:    Trying to load font information for U+msa on input line 29.


(/usr/share/texlive/texmf-dist/tex/latex/amsfonts/umsa.fd
File: umsa.fd 2013/01/14 v3.01 AMS symbols A
)
LaTeX Font Info:    Trying to load font information for U+msb on input line 29.


(/usr/share/texlive/texmf-dist/tex/latex/amsfonts/umsb.fd
File: umsb.fd 2013/01/14 v3.01 AMS symbols B
)
LaTeX Font Info:    Trying to load font information for U+rsfs on input line 29
.

(/usr/share/texlive/texmf-dist/tex/latex/jknapltx/ursfs.fd
File: ursfs.fd 1998/03/24 rsfs font definition file (jk)
)
(/tmp/RtmpmF6pJR/Rd2pdf74b9d2e9673c0/Rd2.toc [1


{/var/lib/texmf/fonts/map/pdftex/updmap/pdftex.map}] [2])
\tf@toc=\write5
\openout5 = `Rd2.toc'.

 [3]
LaTeX Font Info:    Font shape `T1/zi4/m/n' will be
(Font)              scaled to size 9.0pt on input line 136.
 [4]
Underfull \vbox (badness 10000) has occurred while \output is active []

 [5]
LaTeX Font Info:    Trying to load font information for TS1+zi4 on input line 2
30.

(/usr/share/texlive/texmf-dist/tex/latex/inconsolata/ts1zi4.fd
File: ts1zi4.fd 2018/01/14 TS1/zi4 (Inconsolata)
)
LaTeX Font Info:    Font shape `TS1/zi4/m/n' will be
(Font)              scaled to size 9.0pt on input line 230.

Underfull \vbox (badness 10000) has occurred while \output is active []

 [6]
[7] [8] [9] [10] [11] [12]
Overfull \hbox (15.77475pt too wide) in paragraph at lines 675--675
 []\T1/zi4/m/n/9 dates <- as.Date(c(129,269,500,631,864,976,1228,1352,1606,1730
,1957,2087),origin="2000/1/1")[] 
 []

[13] [14]
Overfull \hbox (12.15097pt too wide) in paragraph at lines 755--764
[]\T1/zi4/m/n/10 "chord"[]\T1/ptm/m/n/10 , []\T1/zi4/m/n/10 "log.chord"[]\T1/pt
m/m/n/10 , []\T1/zi4/m/n/10 "chisquare"[]\T1/ptm/m/n/10 , []\T1/zi4/m/n/10 "pro
files"[]\T1/ptm/m/n/10 , []\T1/zi4/m/n/10 "percentdiff"[]\T1/ptm/m/n/10 , []\T1
/zi4/m/n/10 "ruzicka"[]\T1/ptm/m/n/10 ,
 []


Overfull \hbox (22.15097pt too wide) in paragraph at lines 755--764
[]\T1/zi4/m/n/10 "divergence"[]\T1/ptm/m/n/10 , []\T1/zi4/m/n/10 "canberra"[]\T
1/ptm/m/n/10 , []\T1/zi4/m/n/10 "whittaker"[]\T1/ptm/m/n/10 , []\T1/zi4/m/n/10 
"wishart"[]\T1/ptm/m/n/10 , []\T1/zi4/m/n/10 "kulczynski"[]\T1/ptm/m/n/10 , []\
T1/zi4/m/n/10 "jaccard"[]\T1/ptm/m/n/10 ,
 []


Overfull \hbox (37.15097pt too wide) in paragraph at lines 755--764
[]\T1/zi4/m/n/10 "sorensen"[]\T1/ptm/m/n/10 , []\T1/zi4/m/n/10 "ochiai"[]\T1/pt
m/m/n/10 , []\T1/zi4/m/n/10 "ab.jaccard"[]\T1/ptm/m/n/10 , []\T1/zi4/m/n/10 "ab
.sorensen"[]\T1/ptm/m/n/10 , []\T1/zi4/m/n/10 "ab.ochiai"[]\T1/ptm/m/n/10 , []\
T1/zi4/m/n/10 "ab.simpson"[]\T1/ptm/m/n/10 ,
 []


Overfull \hbox (23.4206pt too wide) in paragraph at lines 765--771
\T1/ptm/m/n/10 meth-ods []\T1/zi4/m/n/10 "manhattan"[]\T1/ptm/m/n/10 , []\T1/zi
4/m/n/10 "whittaker"[]\T1/ptm/m/n/10 , []\T1/zi4/m/n/10 "divergence"[]\T1/ptm/m
/n/10 , []\T1/zi4/m/n/10 "canberra"[]\T1/ptm/m/n/10 , []\T1/zi4/m/n/10 "percent
diff"[]\T1/ptm/m/n/10 ,
 []


Overfull \hbox (1.03865pt too wide) in paragraph at lines 784--787
[]\T1/ptm/m/n/10 If []\T1/zi4/m/n/10 samp=TRUE[]\T1/ptm/m/n/10 , the abundance-
based dis-tances (ab.jaccard, ab.sorensen, ab.ochiai,
 []


Overfull \hbox (35.97949pt too wide) in paragraph at lines 805--816
\T1/ptm/m/n/10 This al-go-rithm is used for meth-ods []\T1/zi4/m/n/10 "euclidea
n"[]\T1/ptm/m/n/10 , []\T1/zi4/m/n/10 "profiles"[]\T1/ptm/m/n/10 , []\T1/zi4/m/
n/10 "hellinger"[]\T1/ptm/m/n/10 , []\T1/zi4/m/n/10 "chord"[]\T1/ptm/m/n/10 , [
]\T1/zi4/m/n/10 "log.chord"[]\T1/ptm/m/n/10 ,
 []

[15] [16] [17]
Overfull \hbox (23.24408pt too wide) in paragraph at lines 956--956
 []\T1/zi4/m/n/9 s.value(mite.xy, res$LCBD, symbol = "circle", col = c("white",
 "brown"), main="Map of mite LCBD")[] 
 []


Overfull \hbox (14.25328pt too wide) in paragraph at lines 964--964
 []\T1/zi4/m/n/9 g1 <- s.value(mite.xy[signif,], res$LCBD[signif], ppoint.alpha
 = 0.5, plegend.drawKey = FALSE,[] 
 []


Overfull \hbox (18.73488pt too wide) in paragraph at lines 965--965
 [] \T1/zi4/m/n/9 symbol = "circle", col = c("white", "red"), main="Map of mite
 LCBD (red = significant indices)")[] 
 []

[18] [19] [20] [21]
Underfull \hbox (badness 10000) in paragraph at lines 1196--1200

 []


Underfull \hbox (badness 10000) in paragraph at lines 1201--1206

 []

[22] [23]
Overfull \hbox (15.61652pt too wide) in paragraph at lines 1280--1283
[]\T1/ptm/m/n/10 Logical (TRUE or FALSE) in-di-cat-ing whether a chrono-log-i-c
al (i.e. time-constrained
 []


Overfull \hbox (6.46791pt too wide) in paragraph at lines 1328--1338
[]\T1/ptm/m/n/10 When ar-gu-ment []\T1/zi4/m/n/10 link []\T1/ptm/m/n/10 is omit
-ted, reg-u-lar (un-con-strained) clus-ter-ing is per-formed and a [][][]\T1/zi
4/m/n/10 hclust[][][]-class
 []

[24] [25] [26]
Underfull \vbox (badness 10000) has occurred while \output is active []

 [27]
Underfull \vbox (badness 10000) has occurred while \output is active []

 [28]
Underfull \vbox (badness 10000) has occurred while \output is active []

 [29]
[30] [31]
Overfull \hbox (1.53896pt too wide) in paragraph at lines 1812--1815
[]\T1/ptm/m/n/10 Optional dis-tance ma-trix pro-vided by user, class []\T1/zi4/
m/n/10 matrix []\T1/ptm/m/n/10 or []\T1/zi4/m/n/10 dist[]\T1/ptm/m/n/10 . If []
\T1/zi4/m/n/10 D.mat=NULL[]\T1/ptm/m/n/10 ,
 []

[32]
Overfull \hbox (110.92488pt too wide) in paragraph at lines 1829--1837
\T1/ptm/m/n/10 are Carte-sian only within an UTM zone. See https://en.wikipedia
.org/wiki/Universal_Transverse_Mercator_coordinate_system. 
 []

[33]
Overfull \hbox (12.52771pt too wide) in paragraph at lines 1922--1926
[]\T1/ptm/m/n/10 A thresh-old value for trun-ca-tion of the ge-o-graphic dis-ta
nce ma-trix. If []\T1/zi4/m/n/10 thresh=NULL[]\T1/ptm/m/n/10 ,
 []

[34] [35] [36]
Overfull \hbox (0.70854pt too wide) in paragraph at lines 2083--2089
[]\T1/ptm/m/n/10 One of the 11 cal-cu-la-tion meth-ods avail-able in the func-t
ion: []\T1/zi4/m/n/10 "overlap"[]\T1/ptm/m/n/10 , []\T1/zi4/m/n/10 "gain"[]\T1/
ptm/m/n/10 ,
 []


Overfull \hbox (128.59091pt too wide) in paragraph at lines 2083--2089
[]\T1/zi4/m/n/10 "gaining.nestedness"[]\T1/ptm/m/n/10 , []\T1/zi4/m/n/10 "neutr
al.nestedness"[]\T1/ptm/m/n/10 , []\T1/zi4/m/n/10 "losing.nestedness"[]\T1/ptm/
m/n/10 , []\T1/zi4/m/n/10 "gaining.strict.nestedness"[]\T1/ptm/m/n/10 ,
 []


Overfull \hbox (14.11787pt too wide) in paragraph at lines 2090--2093
[]\T1/ptm/m/n/10 Compute rel-a-tivized in-dices: []\T1/zi4/m/n/10 relativize="J
" []\T1/ptm/m/n/10 for the Jac-card de-nom-i-na-tor (a+b+c)
 []


Overfull \hbox (16.14941pt too wide) in paragraph at lines 2090--2093
\T1/ptm/m/n/10 or []\T1/zi4/m/n/10 relativize="S" []\T1/ptm/m/n/10 for the Sore
nsen de-nom-i-na-tor (2*a+b+c). If []\T1/zi4/m/n/10 relativize=NULL[]\T1/ptm/m/
n/10 ,
 []

[37]
Overfull \hbox (17.08981pt too wide) in paragraph at lines 2123--2125
[]\T1/ptm/m/n/10 Dénes Schmera \T1/zi4/m/n/10 <schmera.denes@blki.hu> \T1/ptm/m
/n/10 and Pierre Leg-en-dre \T1/zi4/m/n/10 <pierre.legendre@umontreal.ca> 
 []

[38]
Overfull \hbox (12.15097pt too wide) in paragraph at lines 2183--2193
[]\T1/zi4/m/n/10 "chord"[]\T1/ptm/m/n/10 , []\T1/zi4/m/n/10 "log.chord"[]\T1/pt
m/m/n/10 , []\T1/zi4/m/n/10 "chisquare"[]\T1/ptm/m/n/10 , []\T1/zi4/m/n/10 "pro
files"[]\T1/ptm/m/n/10 , []\T1/zi4/m/n/10 "percentdiff"[]\T1/ptm/m/n/10 , []\T1
/zi4/m/n/10 "ruzicka"[]\T1/ptm/m/n/10 ,
 []


Overfull \hbox (22.15097pt too wide) in paragraph at lines 2183--2193
[]\T1/zi4/m/n/10 "divergence"[]\T1/ptm/m/n/10 , []\T1/zi4/m/n/10 "canberra"[]\T
1/ptm/m/n/10 , []\T1/zi4/m/n/10 "whittaker"[]\T1/ptm/m/n/10 , []\T1/zi4/m/n/10 
"wishart"[]\T1/ptm/m/n/10 , []\T1/zi4/m/n/10 "kulczynski"[]\T1/ptm/m/n/10 , []\
T1/zi4/m/n/10 "jaccard"[]\T1/ptm/m/n/10 ,
 []


Overfull \hbox (37.15097pt too wide) in paragraph at lines 2183--2193
[]\T1/zi4/m/n/10 "sorensen"[]\T1/ptm/m/n/10 , []\T1/zi4/m/n/10 "ochiai"[]\T1/pt
m/m/n/10 , []\T1/zi4/m/n/10 "ab.jaccard"[]\T1/ptm/m/n/10 , []\T1/zi4/m/n/10 "ab
.sorensen"[]\T1/ptm/m/n/10 , []\T1/zi4/m/n/10 "ab.ochiai"[]\T1/ptm/m/n/10 , []\
T1/zi4/m/n/10 "ab.simpson"[]\T1/ptm/m/n/10 ,
 []


Overfull \hbox (8.9982pt too wide) in paragraph at lines 2183--2193
\T1/ptm/m/n/10 ab-bre-vi-ated to a non-ambiguous set of first let-ters. De-faul
t: []\T1/zi4/m/n/10 method="hellinger"[]\T1/ptm/m/n/10 . 
 []


Overfull \hbox (1.03865pt too wide) in paragraph at lines 2199--2202
[]\T1/ptm/m/n/10 If []\T1/zi4/m/n/10 samp=TRUE[]\T1/ptm/m/n/10 , the abundance-
based dis-tances (ab.jaccard, ab.sorensen, ab.ochiai,
 []

[39]
Overfull \hbox (15.20607pt too wide) in paragraph at lines 2231--2232
[]\T1/ptm/m/n/10 Group 2 - Other D func-tions ap-pro-pri-ate for beta di-ver-si
ty stud-ies where A = sum(min(y[ij],y[kj])),
 []


Overfull \hbox (35.27637pt too wide) in paragraph at lines 2236--2237
[]\T1/ptm/m/n/10 Ruºi£ka D, D[ik] = 1-(sum(min(y[ij],y[kj])/sum(max(y[ij],y[kj]
)) or else, D[ik] = (B+C)/(A+B+C) 
 []


Underfull \hbox (badness 10000) in paragraph at lines 2288--2334

 []


Underfull \hbox (badness 10000) in paragraph at lines 2288--2334

 []


Underfull \hbox (badness 10000) in paragraph at lines 2288--2334

 []

[40] [41]
Overfull \hbox (6.20642pt too wide) in paragraph at lines 2390--2393
[]\T1/ptm/m/n/10 The func-tion uses two dif-fer-ent spatially-constrained null 
mod-els to test the shared space-environment
 []

[42]
Overfull \hbox (1.87723pt too wide) in paragraph at lines 2459--2468
[]\T1/ptm/m/n/10 The func-tion []\T1/zi4/m/n/10 envspace.test []\T1/ptm/m/n/10 
pro-vides two ways of test-ing this frac-tion, that is, spatially-constrained
 []

[43] [44] [45]
Overfull \hbox (3.74101pt too wide) in paragraph at lines 2619--2619
 []\T1/zi4/m/n/9 modsel.env$candidates$Pvalue[modsel.env$best.id]       # Adjus
ted p-value of the global model[] 
 []


Overfull \hbox (3.74101pt too wide) in paragraph at lines 2620--2620
 []\T1/zi4/m/n/9 modsel.env$candidates$N.var[modsel.env$best.id]        # Nb of
 forward-selected MEM variables[] 
 []


Overfull \hbox (11.25635pt too wide) in paragraph at lines 2621--2621
 []\T1/zi4/m/n/9 modsel.env$candidates$R2Adj.select[modsel.env$best.id] # Adjus
ted R2 of the selected MEM var.[] 
 []

[46] [47] [48] [49]
Underfull \hbox (badness 10000) in paragraph at lines 2831--2834

 []

[50]
Underfull \hbox (badness 10000) in paragraph at lines 2886--2889

 []

[51]
Overfull \hbox (15.64656pt too wide) in paragraph at lines 2978--2986
[]\T1/ptm/m/n/10 Use []\T1/zi4/m/n/10 sqrt.D = TRUE []\T1/ptm/m/n/10 when com-p
ut-ing LCBD in-dices for most of the re-place-ment and rich-ness/abundance
 []


Overfull \hbox (10.89745pt too wide) in paragraph at lines 2996--3006
\T1/ptm/m/n/10 Note, how-ever, that the lat-ter pro-duces other in-ter-est-ing 
re-sults (p.LCBD, SCBD). Func-tion []\T1/zi4/m/n/10 LCBD.comp
 []

[52] [53]
Overfull \hbox (5.23488pt too wide) in paragraph at lines 3060--3060
 []\T1/zi4/m/n/9 fish.xy = doubs$xy[-8,]   # Geographic coordinates; site 8 rem
oved because no fish were caught[] 
 []


Underfull \vbox (badness 10000) has occurred while \output is active []

 [54]
[55] [56] [57] [58]
Overfull \hbox (22.46843pt too wide) in paragraph at lines 3363--3365
[]\T1/ptm/m/n/10 A list of SWMs of the class []\T1/zi4/m/n/10 listw[]\T1/ptm/m/
n/10 ; []\T1/zi4/m/n/10 candidates []\T1/ptm/m/n/10 can be cre-ated by []\T1/zi
4/m/n/10 listw.candidates 
 []


Overfull \hbox (1.7391pt too wide) in paragraph at lines 3366--3369
[]\T1/ptm/m/n/10 Sign of the spa-tial eigen-vec-tors to gen-er-ate; []\T1/zi4/m
/n/10 "positive"[]\T1/ptm/m/n/10 , []\T1/zi4/m/n/10 "negative"[]\T1/ptm/m/n/10 
, or []\T1/zi4/m/n/10 "all"[]\T1/ptm/m/n/10 ,
 []

[59] [60]
Overfull \hbox (5.24408pt too wide) in paragraph at lines 3521--3521
 []\T1/zi4/m/n/9 ### weighted by the linearly decreasing function (see help of 
the function listw.candidates):[] 
 []


Overfull \hbox (14.24408pt too wide) in paragraph at lines 3522--3522
 []\T1/zi4/m/n/9 candidates <- listw.candidates(coord = xy, nb = c("gab", "mst"
), weights = c("binary", "flin"))[] 
 []

[61] [62] [63] [64]
Overfull \hbox (0.31778pt too wide) in paragraph at lines 3737--3742
\T1/ptm/m/n/10 MEM (ad-justed R2 and p-value). If []\T1/zi4/m/n/10 MEM.autocor 
= "all"[]\T1/ptm/m/n/10 , a list with two el-e-ments ([]\T1/zi4/m/n/10 positive

 []

[65] [66]
LaTeX Font Info:    Font shape `TS1/zi4/m/n' will be
(Font)              scaled to size 10.0pt on input line 3881.
 [67] [68]
Overfull \hbox (19.77684pt too wide) in paragraph at lines 4014--4019
\T1/ptm/m/n/10 sine co-ef-fi-cients (al-ter-nat-ing) in the or-der of the es-ti
-mated fre-quen-cies. Columns: (1) []\T1/zi4/m/n/10 coefficient[]\T1/ptm/m/n/10
 :
 []

[69] [70]
Underfull \vbox (badness 10000) has occurred while \output is active []

 [71]
[72] [73] [74] [75] [76]
Overfull \hbox (4.16812pt too wide) in paragraph at lines 4429--4432
\T1/ptm/m/n/10 rel-a-tive to the en-vi-ron-ment where the func-tion is called. 
Use-ful only if []\T1/zi4/m/n/10 storeData
 []


Underfull \hbox (badness 10000) in paragraph at lines 4447--4458

 []

[77]
Underfull \vbox (badness 10000) has occurred while \output is active []

 [78]
[79]
Overfull \hbox (35.55942pt too wide) in paragraph at lines 4636--4638
[]\T1/ptm/m/n/10 Stephane Dray \T1/zi4/m/n/10 <stephane.dray@univ-lyon1.fr> \T1
/ptm/m/n/10 and He-lene H Wag-ner \T1/zi4/m/n/10 <helene.wagner@utoronto.ca> 
 []

[80] [81]
Package textcomp Info: Symbol \textasciigrave not provided by
(textcomp)             font family zi4 in TS1 encoding.
(textcomp)             Default family used instead on input line 4715.
LaTeX Font Info:    Trying to load font information for T1+cmtt on input line 4
715.
 (/usr/share/texlive/texmf-dist/tex/latex/base/t1cmtt.fd
File: t1cmtt.fd 2019/12/16 v2.5j Standard LaTeX font definitions
)
LaTeX Font Info:    Trying to load font information for TS1+cmtt on input line 
4715.

(/usr/share/texlive/texmf-dist/tex/latex/base/ts1cmtt.fd
File: ts1cmtt.fd 2019/12/16 v2.5j Standard LaTeX font definitions
)
Package textcomp Info: Symbol \textasciigrave not provided by
(textcomp)             font family zi4 in TS1 encoding.
(textcomp)             Default family used instead on input line 4715.
 [82] [83] [84]
Overfull \hbox (43.60968pt too wide) in paragraph at lines 4919--4921
[]\T1/ptm/m/n/10 (s) Stephane Dray \T1/zi4/m/n/10 <stephane.dray@univ-lyon1.fr>
 \T1/ptm/m/n/10 and Sylvie Clappe \T1/zi4/m/n/10 <sylvie.clappe@univ-lyon1.fr> 

 []

[85] [86]
Overfull \hbox (4.16812pt too wide) in paragraph at lines 5046--5049
\T1/ptm/m/n/10 rel-a-tive to the en-vi-ron-ment where the func-tion is called. 
Use-ful only if []\T1/zi4/m/n/10 storeData
 []

[87]
Overfull \hbox (0.70831pt too wide) in paragraph at lines 5097--5099
[]\T1/ptm/m/n/10 Stéphane Dray \T1/zi4/m/n/10 <stephane.dray@univ-lyon1.fr> \T1
/ptm/m/n/10 with con-tri-bu-tions by Daniel Ches-sel, Se-bastien
 []

[88] [89]
Underfull \vbox (badness 10000) has occurred while \output is active []

 [90]
[91] [92] [93] [94]
Overfull \hbox (78.75969pt too wide) in paragraph at lines 5484--5486
[]\T1/ptm/m/n/10 Guillaume Gué-nard \T1/zi4/m/n/10 <guillaume.guenard@umontreal
.ca> \T1/ptm/m/n/10 and Pierre Leg-en-dre \T1/zi4/m/n/10 <pierre.legendre@umont
real.ca> 
 []

[95]
Overfull \hbox (4.16812pt too wide) in paragraph at lines 5551--5554
\T1/ptm/m/n/10 rel-a-tive to the en-vi-ron-ment where the func-tion is called. 
Use-ful only if []\T1/zi4/m/n/10 storeData
 []

[96] [97]
Overfull \hbox (35.39647pt too wide) in paragraph at lines 5634--5637
\T1/ptm/m/n/10 s.names=1:25; s.names=paste("Site",1:25,sep="."); s.names=rownam
es(res1$BCD.mat).
 []


Overfull \hbox (64.58043pt too wide) in paragraph at lines 5646--5648
\T1/ptm/m/n/10 plots: []\T1/zi4/m/n/10 "gold","grey70","cadetblue2","red","oran
ge3","coral2","grey100","green"[]\T1/ptm/m/n/10 . 
 []

[98]
Overfull \hbox (9.74408pt too wide) in paragraph at lines 5738--5738
 []\T1/zi4/m/n/9 res1 <- TBI(pyrifos[ord4,], pyrifos[ord11,], method = "%diff",
 nperm = 0, test.t.perm = FALSE)[] 
 []

[99] [100]
Overfull \hbox (45.78088pt too wide) in paragraph at lines 5848--5848
 []\T1/zi4/m/n/9 plot(coords,xlim=range(rbind(coords.90,coords)[,1]),ylim=range
(rbind(coords.90,coords)[,2]),asp=1)[] 
 []

[101]
Overfull \hbox (4.16812pt too wide) in paragraph at lines 5895--5898
\T1/ptm/m/n/10 rel-a-tive to the en-vi-ron-ment where the func-tion is called. 
Use-ful only if []\T1/zi4/m/n/10 storeData
 []

[102] [103] [104]
Overfull \hbox (3.75021pt too wide) in paragraph at lines 6064--6064
 []\T1/zi4/m/n/9 plot(sc.tri[,1:6], oribatid$xy, pSp.cex = 5, pSp.alpha = 0.5, 
pbackground.col = \TS1/zi4/m/n/9 '\T1/zi4/m/n/9 lightblue\TS1/zi4/m/n/9 '\T1/zi
4/m/n/9 )[] 
 []

[105]
Overfull \hbox (96.45589pt too wide) in paragraph at lines 6135--6138
[]\T1/ptm/m/n/10 Pierre Leg-en-dre <pierre.legendre@umontreal.ca> and François-
Joseph La-pointe <francois-joseph.lapointe@umontreal.ca>,
 []

[106]
Underfull \vbox (badness 3803) has occurred while \output is active []

 [107]
[108]
Overfull \hbox (1.51732pt too wide) in paragraph at lines 6274--6277
[]\T1/ptm/m/n/10 Site-by-species re-sponse data ta-ble. As-sumes row blocks cor
-re-spond-ing to times,
 []


Overfull \hbox (4.38847pt too wide) in paragraph at lines 6311--6317
[]\T1/ptm/m/n/10 Temporal cod-ing func-tions to be used in-stead of db-MEM. The
 num-ber of columns
 []


Overfull \hbox (8.13766pt too wide) in paragraph at lines 6321--6323
[]\T1/ptm/m/n/10 If TRUE, dis-plays the re-sults and ad-di-tional in-for-ma-tio
n on-screen (rec-om-mended).
 []

[109] [110]
Overfull \hbox (5.45732pt too wide) in paragraph at lines 6434--6437
\T1/ptm/m/n/10 co-or-di-nates of neigh-bour ma-tri-ces. Eco-log-i-cal Mod-ellin
g 153: 51-68. https://doi.org/10.1016/S0304-
 []


Overfull \hbox (36.3668pt too wide) in paragraph at lines 6447--6450
\T1/ptm/m/n/10 ing the space-time in-ter-ac-tion in the ab-sence of repli-ca-ti
on. Ecol-ogy 91: 262-272. https://doi.org/10.1890/09-
 []

[111] [112]
Underfull \vbox (badness 10000) has occurred while \output is active []

 [113]
[114]
Overfull \hbox (7.89761pt too wide) in paragraph at lines 6633--6639
[]\T1/ptm/m/n/10 One of the fol-low-ing dis-sim-i-lar-ity co-ef-fi-cients: []\T
1/zi4/m/n/10 "%difference" []\T1/ptm/m/n/10 (aka Bray-Curtis),
 []


Overfull \hbox (51.23782pt too wide) in paragraph at lines 6647--6657
[]\T1/ptm/m/n/10 If []\T1/zi4/m/n/10 BCD=TRUE[]\T1/ptm/m/n/10 , the B and C com
-po-nents of the per-cent-age dif-fer-ence ([]\T1/zi4/m/n/10 method="%differenc
e"[]\T1/ptm/m/n/10 )
 []


Overfull \hbox (4.16794pt too wide) in paragraph at lines 6667--6672
[]\T1/ptm/m/n/10 If []\T1/zi4/m/n/10 TRUE[]\T1/ptm/m/n/10 , the dif-fer-ence be
-tween species (or abundances-per-species) gains (C/den)
 []


Overfull \hbox (4.16794pt too wide) in paragraph at lines 6673--6678
[]\T1/ptm/m/n/10 If []\T1/zi4/m/n/10 TRUE[]\T1/ptm/m/n/10 , the dif-fer-ence be
-tween species (or abundances-per-species) gains (C/den)
 []

[115]
Overfull \hbox (21.71861pt too wide) in paragraph at lines 6728--6740
[]\T1/ptm/m/n/10 Methods []\T1/zi4/m/n/10 "chord" []\T1/ptm/m/n/10 (chord dis-t
ance), []\T1/zi4/m/n/10 "hellinger" []\T1/ptm/m/n/10 (Hellinger dis-tance) and 
[]\T1/zi4/m/n/10 "log.chord" []\T1/ptm/m/n/10 (log.chord
 []

[116]
Overfull \hbox (1.09639pt too wide) in paragraph at lines 6740--6745
\T1/ptm/m/n/10 dis-sim-i-lar-i-ties. For these co-ef-fi-cients, the data are fi
rst trans-formed to presence-absence ([]\T1/zi4/m/n/10 pa.tr
 []

[117]
Overfull \hbox (8.80724pt too wide) in paragraph at lines 6837--6844
[]\T1/zi4/m/n/10 BCD.summary []\T1/ptm/m/n/10 An out-put ta-ble with six column
s: mean(B/den); mean(C/den); mean(D); B/(B+C)
 []

[118] [119]
Overfull \hbox (9.74408pt too wide) in paragraph at lines 6926--6926
 []\T1/zi4/m/n/9 res1 <- TBI(pyrifos[ord4,], pyrifos[ord11,], method = "%diff",
 nperm = 0, test.t.perm = FALSE)[] 
 []

[120]
Overfull \hbox (18.75328pt too wide) in paragraph at lines 7038--7038
 []\T1/zi4/m/n/9 fau <- sqrt(oribatid$fau / outer(apply(oribatid$fau, 1, sum), 
rep(1, ncol(oribatid$fau)), "*"))[] 
 []

[121] [122]
Overfull \hbox (2.99702pt too wide) in paragraph at lines 7145--7149
\T1/ptm/m/n/10 Anal-y-sis in Ma-rine Ecol-ogy" given at Ob-ser-va-toire océanol
ogique, Uni-ver-sité Paris VI, Villefranche-
 []


Overfull \hbox (18.91658pt too wide) in paragraph at lines 7152--7155
[]\T1/ptm/m/n/10 Pierre Leg-en-dre <pierre.legendre@umontreal.ca>, René Galzin 
<pol@univ-perp.fr>, Mireille Harmelin-
 []

[123]
Underfull \vbox (badness 3803) has occurred while \output is active []

 [124]
Overfull \hbox (1.50876pt too wide) in paragraph at lines 7271--7276
\T1/ptm/m/n/10 species; when []\T1/zi4/m/n/10 t.stat []\T1/ptm/m/n/10 is 0, the
 p-values in the out-put ta-ble ([]\T1/zi4/m/n/10 p.param []\T1/ptm/m/n/10 and 
[]\T1/zi4/m/n/10 p.perm[]\T1/ptm/m/n/10 )
 []

[125]
Overfull \hbox (46.94675pt too wide) in paragraph at lines 7283--7286
[]\T1/ptm/m/n/10 p-values should be cor-rected for mul-ti-ple test-ing. Use fun
c-tion []\T1/zi4/m/n/10 p.adjust []\T1/ptm/m/n/10 of []\T1/zi4/m/n/10 stats[]\T
1/ptm/m/n/10 : p.adjust(res$t.test$p.param)
 []


Overfull \hbox (62.0262pt too wide) in paragraph at lines 7291--7295
[]\T1/ptm/m/n/10 A ta-ble with species in rows and 6 columns: "mean(T1-T2)","t.
stat","p.param","p.perm","p<=0.05","Sign(T1-
 []

[126] [127] [128] [129]
Overfull \hbox (18.75328pt too wide) in paragraph at lines 7533--7533
 []\T1/zi4/m/n/9 fau <- sqrt(oribatid$fau / outer(apply(oribatid$fau, 1, sum), 
rep(1, ncol(oribatid$fau)), "*"))[] 
 []

[130]
Overfull \hbox (3.50822pt too wide) in paragraph at lines 7570--7573
[]\T1/ptm/m/n/10 A vec-tor of quan-ti-ta-tive val-ues, with class []\T1/zi4/m/n
/10 numeric[]\T1/ptm/m/n/10 , for func-tion []\T1/zi4/m/n/10 WRperiodogram[]\T1
/ptm/m/n/10 ,
 []


Overfull \hbox (2.2073pt too wide) in paragraph at lines 7600--7602
[]\T1/ptm/m/n/10 Main ti-tle of the plot. Users can write a cus-tom ti-tle, in 
quotes (de-fault: []\T1/zi4/m/n/10 main="WR
 []

[131]
Overfull \hbox (6.37813pt too wide) in paragraph at lines 7684--7686
[]\T1/ptm/m/n/10 Legand, M. 1958. Vari-a-tions di-urnes du zoo-planc-ton au-tou
r de la Nouvelle-Calédonie. O.R.S.T.O.M.,
 []

[132] [133]
Underfull \vbox (badness 10000) has occurred while \output is active []

 [134]
(/tmp/RtmpmF6pJR/Rd2pdf74b9d2e9673c0/Rd2.ind [135]

LaTeX Font Warning: Font shape `T1/zi4/m/it' undefined
(Font)              using `T1/zi4/m/n' instead on input line 58.

LaTeX Font Info:    Font shape `T1/zi4/m/it' will be
(Font)              scaled to size 10.0pt on input line 72.
[136

] [137]) (/tmp/RtmpmF6pJR/Rd2pdf74b9d2e9673c0/Rd2.aux)

LaTeX Font Warning: Some font shapes were not available, defaults substituted.

Package rerunfilecheck Info: File `Rd2.out' has not changed.
(rerunfilecheck)             Checksum: FA35FBC41138B64E476C98922678F30D;6045.
 ) 
Here is how much of TeX's memory you used:
 11115 strings out of 480145
 168304 string characters out of 5893300
 447526 words of memory out of 5000000
 28143 multiletter control sequences out of 15000+600000
 504314 words of font info for 75 fonts, out of 8000000 for 9000
 59 hyphenation exceptions out of 8191
 77i,6n,79p,313b,619s stack positions out of 5000i,500n,10000p,200000b,80000s
pdfTeX warning (dest): name{Rfn.t.test} has been referenced but does not exis
t, replaced by a fixed one

pdfTeX warning (dest): name{Rfn.SpatialLinesDataFrame.Rdash.class} has been ref
erenced but does not exist, replaced by a fixed one

pdfTeX warning (dest): name{Rfn.SpatialPointsDataFrame.Rdash.class} has been re
ferenced but does not exist, replaced by a fixed one

pdfTeX warning (dest): name{Rfn.s.Spatial} has been referenced but does not exi
st, replaced by a fixed one

pdfTeX warning (dest): name{Rfn.plot} has been referenced but does not exist, r
eplaced by a fixed one

pdfTeX warning (dest): name{Rfn.graphical\040parameters} has been referenced bu
t does not exist, replaced by a fixed one

pdfTeX warning (dest): name{Rfn.orthobasis} has been referenced but does not ex
ist, replaced by a fixed one

pdfTeX warning (dest): name{Rfn.mat2listw} has been referenced but does not exi
st, replaced by a fixed one

pdfTeX warning (dest): name{Rfn.graph2nb} has been referenced but does not exis
t, replaced by a fixed one

pdfTeX warning (dest): name{Rfn.varipart} has been referenced but does not exis
t, replaced by a fixed one

pdfTeX warning (dest): name{Rfn.mantel.randtest} has been referenced but does n
ot exist, replaced by a fixed one

pdfTeX warning (dest): name{Rfn.me.phylo} has been referenced but does not exis
t, replaced by a fixed one

pdfTeX warning (dest): name{Rfn.adegpar} has been referenced but does not exist
, replaced by a fixed one

pdfTeX warning (dest): name{Rfn.dudi.pca} has been referenced but does not exis
t, replaced by a fixed one

pdfTeX warning (dest): name{Rfn.dudi} has been referenced but does not exist, r
eplaced by a fixed one

pdfTeX warning (dest): name{Rfn.moran.mc} has been referenced but does not exis
t, replaced by a fixed one

pdfTeX warning (dest): name{Rfn.as.krandtest} has been referenced but does not 
exist, replaced by a fixed one

pdfTeX warning (dest): name{Rfn.as.randtest} has been referenced but does not e
xist, replaced by a fixed one

pdfTeX warning (dest): name{Rfn.varpart} has been referenced but does not exist
, replaced by a fixed one

pdfTeX warning (dest): name{Rfn.cutree} has been referenced but does not exist,
 replaced by a fixed one

pdfTeX warning (dest): name{Rfn.hclust} has been referenced but does not exist,
 replaced by a fixed one

pdfTeX warning (dest): name{Rfn.nb2listw} has been referenced but does not exis
t, replaced by a fixed one

pdfTeX warning (dest): name{Rfn.tri2nb} has been referenced but does not exist,
 replaced by a fixed one

pdfTeX warning (dest): name{Rfn.dist} has been referenced but does not exist, r
eplaced by a fixed one

pdfTeX warning (dest): name{Rfn.mantel.correlog} has been referenced but does n
ot exist, replaced by a fixed one

pdfTeX warning (dest): name{Rfn.sp.correlogram} has been referenced but does no
t exist, replaced by a fixed one

pdfTeX warning (dest): name{Rfn.svd} has been referenced but does not exist, re
placed by a fixed one

 </home/guenardg/.texlive2021/texmf-var/fonts/pk/ljfour/jknappen/ec/tctt1000.60
0pk>{/usr/share/texlive/texmf-dist/fonts/enc/dvips/inconsolata/i4-ts1.enc}{/usr
/share/texlive/texmf-dist/fonts/enc/dvips/base/8r.enc}{/usr/share/texlive/texmf
-dist/fonts/enc/dvips/inconsolata/i4-t1-0.enc}</usr/share/texlive/texmf-dist/fo
nts/type1/public/inconsolata/Inconsolata-zi4r.pfb></usr/share/texlive/texmf-dis
t/fonts/type1/public/amsfonts/cm/cmmi10.pfb></usr/share/texlive/texmf-dist/font
s/type1/public/amsfonts/cm/cmmi7.pfb></usr/share/texlive/texmf-dist/fonts/type1
/public/amsfonts/cm/cmr10.pfb></usr/share/texlive/texmf-dist/fonts/type1/public
/amsfonts/cm/cmr7.pfb></usr/share/texlive/texmf-dist/fonts/type1/public/amsfont
s/cm/cmsy10.pfb></usr/share/texlive/texmf-dist/fonts/type1/public/amsfonts/cm/c
msy7.pfb></usr/share/texlive/texmf-dist/fonts/type1/urw/times/utmb8a.pfb></usr/
share/texlive/texmf-dist/fonts/type1/urw/times/utmr8a.pfb></usr/share/texlive/t
exmf-dist/fonts/type1/urw/times/utmr8a.pfb></usr/share/texlive/texmf-dist/fonts
/type1/urw/times/utmri8a.pfb>
Output written on Rd2.pdf (137 pages, 447102 bytes).
PDF statistics:
 1997 PDF objects out of 2073 (max. 8388607)
 1815 compressed objects within 19 object streams
 738 named destinations out of 1000 (max. 500000)
 449 words of extra memory for PDF output out of 10000 (max. 10000000)

